[2021-09-05T20:20:05.830744+02:00] AdminRoute.INFO: DELETE Category request [] []
[2021-09-05T20:20:10.521329+02:00] AdminRoute.INFO: DELETE Category request [] []
[2021-09-05T20:20:26.307702+02:00] AdminRoute.INFO: DELETE Category request [] []
[2021-09-05T20:22:32.432333+02:00] AdminRoute.INFO: DELETE Category request [] []
[2021-09-05T20:22:32.462200+02:00] AdminRoute.ERROR: ERROR: ADD Category [] []
[2021-09-05T20:22:46.322817+02:00] AdminRoute.INFO: DELETE Category request [] []
[2021-09-05T20:22:54.917273+02:00] AdminRoute.INFO: DELETE Category request [] []
[2021-09-05T20:23:44.143280+02:00] AdminRoute.INFO: ADD Category request [] []
[2021-09-05T20:23:55.413953+02:00] AdminRoute.INFO: DELETE Category request11 [] []
[2021-09-05T20:28:31.583064+02:00] AdminRoute.INFO: ADD Category request{TestRoute} [] []
[2021-09-05T20:28:51.417505+02:00] AdminRoute.INFO: UPDATE Category request{12}{TEST%7TOD [] []
[2021-09-05T20:28:51.420182+02:00] AdminRoute.ERROR: ERROR: ADD Category [] []
[2021-09-05T20:28:57.767261+02:00] AdminRoute.INFO: UPDATE Category request12%TESTOT [] []
[2021-09-05T20:28:57.787885+02:00] AdminRoute.ERROR: ERROR: ADD Category [] []
[2021-09-05T20:29:03.021230+02:00] AdminRoute.INFO: UPDATE Category request12&TESTOT [] []
[2021-09-05T20:29:03.045401+02:00] AdminRoute.ERROR: ERROR: ADD Category [] []
[2021-09-05T20:31:25.032094+02:00] AdminRoute.INFO: UPDATE Category requestcategoryID=12&name=TESTOT [] []
[2021-09-05T20:31:25.052531+02:00] AdminRoute.ERROR: ERROR: ADD Category [] []
[2021-09-05T20:34:12.065411+02:00] AdminRoute.INFO: UPDATE Category requestTO [] []
[2021-09-05T20:34:12.069516+02:00] AdminRoute.ERROR: ERROR: ADD Category [] []
[2021-09-05T20:34:39.326671+02:00] AdminRoute.INFO: UPDATE Category request12TOTEST [] []
[2021-09-05T20:34:39.347935+02:00] AdminRoute.ERROR: ERROR: ADD Category [] []
[2021-09-05T20:34:51.067760+02:00] AdminRoute.INFO: UPDATE Category request12TOTEST [] []
[2021-09-05T20:34:51.070706+02:00] AdminRoute.ERROR: ERROR: ADD Category [] []
[2021-09-05T20:35:39.017816+02:00] AdminRoute.INFO: UPDATE Category request12TOTEST [] []
[2021-09-05T20:35:39.021552+02:00] AdminRoute.ERROR: ERROR: ADD Category [] []
[2021-09-05T20:36:06.462006+02:00] AdminRoute.INFO: UPDATE Category request12TOTEST [] []
[2021-09-05T20:36:06.479617+02:00] AdminRoute.ERROR: ERROR: ADD Category [] []
[2021-09-05T20:37:02.478636+02:00] AdminRoute.INFO: UPDATE Category request12TOTest [] []
[2021-09-05T20:37:02.481783+02:00] AdminRoute.ERROR: ERROR: ADD Category [] []
[2021-09-05T20:37:15.951408+02:00] AdminRoute.INFO: UPDATE Category request12TOTest [] []
[2021-09-05T20:37:15.977377+02:00] AdminRoute.ERROR: ERROR: ADD Category [] []
[2021-09-05T20:38:20.430407+02:00] AdminRoute.INFO: UPDATE Category request12TO1 [] []
[2021-09-05T20:38:33.821997+02:00] AdminRoute.INFO: UPDATE Category requestTO [] []
[2021-09-05T20:38:33.834797+02:00] AdminRoute.ERROR: ERROR: ADD Category [] []
[2021-09-05T20:38:42.233678+02:00] AdminRoute.INFO: UPDATE Category request12TOAADSADA [] []
[2021-09-05T20:38:42.236324+02:00] AdminRoute.ERROR: ERROR: ADD Category [] []
[2021-09-05T20:39:08.432880+02:00] AdminRoute.INFO: UPDATE Category request12TOaaa [] []
[2021-09-05T20:39:08.436212+02:00] AdminRoute.ERROR: ERROR: ADD Category [] []
[2021-09-05T20:42:13.904478+02:00] AdminRoute.INFO: UPDATE Category request12TO2 [] []
[2021-09-05T20:42:36.514875+02:00] AdminRoute.INFO: UPDATE Category request12TOgag [] []
[2021-09-05T20:42:36.532916+02:00] AdminRoute.ERROR: ERROR: ADD Category [] []
[2021-09-05T20:42:43.768186+02:00] AdminRoute.INFO: UPDATE Category request12TO2a [] []
[2021-09-05T20:42:43.770497+02:00] AdminRoute.ERROR: ERROR: ADD Category [] []
[2021-09-05T20:42:52.919863+02:00] AdminRoute.INFO: UPDATE Category requestTO [] []
[2021-09-05T20:42:52.922507+02:00] AdminRoute.ERROR: ERROR: ADD Category [] []
[2021-09-05T20:43:03.394731+02:00] AdminRoute.INFO: UPDATE Category request12TO2 [] []
[2021-09-05T22:24:05.605719+02:00] AdminProductRoute.INFO: GET Products request [] []
[2021-09-05T22:24:55.123982+02:00] AdminProductRoute.INFO: GET Products request [] []
[2021-09-06T17:49:19.187537+02:00] AdminCategoryRoute.INFO: UPDATE Category request12TO3 [] []
[2021-09-06T17:49:28.197773+02:00] AdminCategoryRoute.INFO: UPDATE Category request12TOtest [] []
[2021-09-06T17:49:28.200522+02:00] AdminCategoryRoute.ERROR: ERROR: ADD Category [] []
[2021-09-06T17:49:47.137582+02:00] AdminCategoryRoute.INFO: UPDATE Category request12TOtest [] []
[2021-09-06T17:49:47.139773+02:00] AdminCategoryRoute.ERROR: ERROR: ADD Category [] []
[2021-09-06T17:49:57.293999+02:00] AdminCategoryRoute.INFO: UPDATE Category requestTO [] []
[2021-09-06T17:49:57.296165+02:00] AdminCategoryRoute.ERROR: ERROR: ADD Category [] []
[2021-09-06T17:50:01.193159+02:00] AdminCategoryRoute.INFO: UPDATE Category requestTO [] []
[2021-09-06T17:50:01.195657+02:00] AdminCategoryRoute.ERROR: ERROR: ADD Category [] []
[2021-09-06T17:50:18.120113+02:00] AdminCategoryRoute.INFO: UPDATE Category request12TOTEST [] []
[2021-09-06T17:50:18.122437+02:00] AdminCategoryRoute.ERROR: ERROR: ADD Category [] []
[2021-09-06T17:51:15.689504+02:00] AdminCategoryRoute.INFO: UPDATE Category request12TOTEST [] []
[2021-09-06T17:51:15.691806+02:00] AdminCategoryRoute.ERROR: ERROR: ADD Category [] []
[2021-09-06T18:26:30.892798+02:00] AdminCategoryRoute.INFO: UPDATE Category request12TOTEST [] []
[2021-09-06T18:26:30.898803+02:00] AdminCategoryRoute.ERROR: ERROR: ADD Category [] []
[2021-09-06T18:26:35.280600+02:00] AdminCategoryRoute.INFO: UPDATE Category requestTO [] []
[2021-09-06T18:26:35.284556+02:00] AdminCategoryRoute.ERROR: ERROR: ADD Category [] []
[2021-09-06T18:26:39.711310+02:00] AdminCategoryRoute.INFO: UPDATE Category request12TOtest [] []
[2021-09-06T18:26:39.734283+02:00] AdminCategoryRoute.ERROR: ERROR: ADD Category [] []
[2021-09-06T18:28:00.640207+02:00] AdminCategoryRoute.INFO: UPDATE Category request12TOTest [] []
[2021-09-06T18:28:00.642796+02:00] AdminCategoryRoute.ERROR: ERROR: ADD Category [] []
[2021-09-06T18:28:25.643946+02:00] AdminCategoryRoute.INFO: UPDATE Category request12TOTest [] []
[2021-09-06T18:28:25.646510+02:00] AdminCategoryRoute.ERROR: ERROR: ADD Category [] []
[2021-09-06T18:33:54.500933+02:00] AdminCategoryRoute.INFO: UPDATE Category request12TOTest [] []
[2021-09-06T18:33:54.504139+02:00] AdminCategoryRoute.ERROR: ERROR: ADD Category [] []
[2021-09-06T18:34:13.634682+02:00] AdminCategoryRoute.INFO: UPDATE Category requestTODentist [] []
[2021-09-06T18:34:13.655790+02:00] AdminCategoryRoute.ERROR: ERROR: ADD Category [] []
[2021-09-06T18:34:23.653971+02:00] AdminCategoryRoute.INFO: UPDATE Category request19TODentist [] []
[2021-09-06T18:34:23.669171+02:00] AdminCategoryRoute.ERROR: ERROR: ADD Category [] []
[2021-09-06T18:36:31.364026+02:00] AdminCategoryRoute.INFO: UPDATE Category requestTO [] []
[2021-09-06T18:36:31.386671+02:00] AdminCategoryRoute.ERROR: ERROR: ADD Category [] []
[2021-09-06T18:36:39.933724+02:00] AdminCategoryRoute.INFO: UPDATE Category request19TO [] []
[2021-09-06T18:36:39.935969+02:00] AdminCategoryRoute.ERROR: ERROR: ADD Category [] []
[2021-09-06T18:37:06.363010+02:00] AdminCategoryRoute.INFO: UPDATE Category request19TODentist [] []
[2021-09-06T18:37:06.365782+02:00] AdminCategoryRoute.ERROR: ERROR: ADD Category [] []
[2021-09-06T18:37:23.864400+02:00] AdminCategoryRoute.INFO: UPDATE Category request19TO [] []
[2021-09-06T18:37:23.866877+02:00] AdminCategoryRoute.ERROR: ERROR: ADD Category [] []
[2021-09-06T18:37:34.116669+02:00] AdminCategoryRoute.INFO: UPDATE Category requestTO [] []
[2021-09-06T18:37:34.119498+02:00] AdminCategoryRoute.ERROR: ERROR: ADD Category [] []
[2021-09-06T18:37:37.169925+02:00] AdminCategoryRoute.INFO: UPDATE Category requestTO [] []
[2021-09-06T18:37:37.172284+02:00] AdminCategoryRoute.ERROR: ERROR: ADD Category [] []
[2021-09-06T18:37:40.298256+02:00] AdminCategoryRoute.INFO: UPDATE Category request19TO23 [] []
